This is pdfTeX, Version 3.14159265-2.6-1.40.17 (MiKTeX 2.9 64-bit) (preloaded format=pdflatex 2016.6.23)  30 JUN 2017 11:37
entering extended mode
**./ExecDash.tex
(ExecDash.tex
LaTeX2e <2016/03/31>
Babel <3.9r> and hyphenation patterns for 75 language(s) loaded.
("C:\Program Files\MiKTeX 2.9\tex\latex\base\report.cls"
Document Class: report 2014/09/29 v1.4h Standard LaTeX document class
("C:\Program Files\MiKTeX 2.9\tex\latex\base\size10.clo"
File: size10.clo 2014/09/29 v1.4h Standard LaTeX file (size option)
)
\c@part=\count79
\c@chapter=\count80
\c@section=\count81
\c@subsection=\count82
\c@subsubsection=\count83
\c@paragraph=\count84
\c@subparagraph=\count85
\c@figure=\count86
\c@table=\count87
\abovecaptionskip=\skip41
\belowcaptionskip=\skip42
\bibindent=\dimen102
)
("C:\Program Files\MiKTeX 2.9\tex\latex\geometry\geometry.sty"
Package: geometry 2010/09/12 v5.6 Page Geometry

("C:\Program Files\MiKTeX 2.9\tex\latex\graphics\keyval.sty"
Package: keyval 2014/10/28 v1.15 key=value parser (DPC)
\KV@toks@=\toks14
)
("C:\Program Files\MiKTeX 2.9\tex\generic\oberdiek\ifpdf.sty"
Package: ifpdf 2016/05/14 v3.1 Provides the ifpdf switch
)
("C:\Program Files\MiKTeX 2.9\tex\generic\oberdiek\ifvtex.sty"
Package: ifvtex 2016/05/16 v1.6 Detect VTeX and its facilities (HO)
Package ifvtex Info: VTeX not detected.
)
("C:\Program Files\MiKTeX 2.9\tex\generic\ifxetex\ifxetex.sty"
Package: ifxetex 2010/09/12 v0.6 Provides ifxetex conditional
)
\Gm@cnth=\count88
\Gm@cntv=\count89
\c@Gm@tempcnt=\count90
\Gm@bindingoffset=\dimen103
\Gm@wd@mp=\dimen104
\Gm@odd@mp=\dimen105
\Gm@even@mp=\dimen106
\Gm@layoutwidth=\dimen107
\Gm@layoutheight=\dimen108
\Gm@layouthoffset=\dimen109
\Gm@layoutvoffset=\dimen110
\Gm@dimlist=\toks15

("C:\Program Files\MiKTeX 2.9\tex\latex\geometry\geometry.cfg"))
(C:\Users\brian\AppData\Roaming\MiKTeX\2.9\tex\latex\fancyhdr\fancyhdr.sty
\fancy@headwidth=\skip43
\f@ncyO@elh=\skip44
\f@ncyO@erh=\skip45
\f@ncyO@olh=\skip46
\f@ncyO@orh=\skip47
\f@ncyO@elf=\skip48
\f@ncyO@erf=\skip49
\f@ncyO@olf=\skip50
\f@ncyO@orf=\skip51
)
(C:\Users\brian\AppData\Roaming\MiKTeX\2.9\tex\latex\titlesec\titlesec.sty
Package: titlesec 2016/03/21 v2.10.2 Sectioning titles
\ttl@box=\box26
\beforetitleunit=\skip52
\aftertitleunit=\skip53
\ttl@plus=\dimen111
\ttl@minus=\dimen112
\ttl@toksa=\toks16
\titlewidth=\dimen113
\titlewidthlast=\dimen114
\titlewidthfirst=\dimen115
)
(C:\Users\brian\AppData\Roaming\MiKTeX\2.9\tex\latex\pgfplots\pgfplots.sty
(C:\Users\brian\AppData\Roaming\MiKTeX\2.9\tex\generic\pgfplots\pgfplots.revisi
on.tex)
Package: pgfplots 2016/01/06 v1.13 Data Visualization (1.13)

(C:\Users\brian\AppData\Roaming\MiKTeX\2.9\tex\latex\pgf\frontendlayer\tikz.sty
(C:\Users\brian\AppData\Roaming\MiKTeX\2.9\tex\latex\pgf\basiclayer\pgf.sty
(C:\Users\brian\AppData\Roaming\MiKTeX\2.9\tex\latex\pgf\utilities\pgfrcs.sty
(C:\Users\brian\AppData\Roaming\MiKTeX\2.9\tex\generic\pgf\utilities\pgfutil-co
mmon.tex
\pgfutil@everybye=\toks17
\pgfutil@tempdima=\dimen116
\pgfutil@tempdimb=\dimen117

(C:\Users\brian\AppData\Roaming\MiKTeX\2.9\tex\generic\pgf\utilities\pgfutil-co
mmon-lists.tex))
(C:\Users\brian\AppData\Roaming\MiKTeX\2.9\tex\generic\pgf\utilities\pgfutil-la
tex.def
\pgfutil@abb=\box27
 (C:\Users\brian\AppData\Roaming\MiKTeX\2.9\tex\latex\ms\everyshi.sty
Package: everyshi 2001/05/15 v3.00 EveryShipout Package (MS)
))
(C:\Users\brian\AppData\Roaming\MiKTeX\2.9\tex\generic\pgf\utilities\pgfrcs.cod
e.tex
Package: pgfrcs 2015/08/07 v3.0.1a (rcs-revision 1.31)
))
Package: pgf 2015/08/07 v3.0.1a (rcs-revision 1.15)

(C:\Users\brian\AppData\Roaming\MiKTeX\2.9\tex\latex\pgf\basiclayer\pgfcore.sty
("C:\Program Files\MiKTeX 2.9\tex\latex\graphics\graphicx.sty"
Package: graphicx 2014/10/28 v1.0g Enhanced LaTeX Graphics (DPC,SPQR)

("C:\Program Files\MiKTeX 2.9\tex\latex\graphics\graphics.sty"
Package: graphics 2016/05/09 v1.0r Standard LaTeX Graphics (DPC,SPQR)

("C:\Program Files\MiKTeX 2.9\tex\latex\graphics\trig.sty"
Package: trig 2016/01/03 v1.10 sin cos tan (DPC)
)
("C:\Program Files\MiKTeX 2.9\tex\latex\00miktex\graphics.cfg"
File: graphics.cfg 2016/01/02 v1.10 sample graphics configuration
)
Package graphics Info: Driver file: pdftex.def on input line 96.

("C:\Program Files\MiKTeX 2.9\tex\latex\pdftex-def\pdftex.def"
File: pdftex.def 2011/05/27 v0.06d Graphics/color for pdfTeX

("C:\Program Files\MiKTeX 2.9\tex\generic\oberdiek\infwarerr.sty"
Package: infwarerr 2016/05/16 v1.4 Providing info/warning/error messages (HO)
)
("C:\Program Files\MiKTeX 2.9\tex\generic\oberdiek\ltxcmds.sty"
Package: ltxcmds 2016/05/16 v1.23 LaTeX kernel commands for general use (HO)
)
\Gread@gobject=\count91
))
\Gin@req@height=\dimen118
\Gin@req@width=\dimen119
)
(C:\Users\brian\AppData\Roaming\MiKTeX\2.9\tex\latex\pgf\systemlayer\pgfsys.sty

(C:\Users\brian\AppData\Roaming\MiKTeX\2.9\tex\generic\pgf\systemlayer\pgfsys.c
ode.tex
Package: pgfsys 2014/07/09 v3.0.1a (rcs-revision 1.48)

(C:\Users\brian\AppData\Roaming\MiKTeX\2.9\tex\generic\pgf\utilities\pgfkeys.co
de.tex
\pgfkeys@pathtoks=\toks18
\pgfkeys@temptoks=\toks19

(C:\Users\brian\AppData\Roaming\MiKTeX\2.9\tex\generic\pgf\utilities\pgfkeysfil
tered.code.tex
\pgfkeys@tmptoks=\toks20
))
\pgf@x=\dimen120
\pgf@y=\dimen121
\pgf@xa=\dimen122
\pgf@ya=\dimen123
\pgf@xb=\dimen124
\pgf@yb=\dimen125
\pgf@xc=\dimen126
\pgf@yc=\dimen127
\w@pgf@writea=\write3
\r@pgf@reada=\read1
\c@pgf@counta=\count92
\c@pgf@countb=\count93
\c@pgf@countc=\count94
\c@pgf@countd=\count95
\t@pgf@toka=\toks21
\t@pgf@tokb=\toks22
\t@pgf@tokc=\toks23

(C:\Users\brian\AppData\Roaming\MiKTeX\2.9\tex\generic\pgf\systemlayer\pgf.cfg
File: pgf.cfg 2008/05/14  (rcs-revision 1.7)
)
Driver file for pgf: pgfsys-pdftex.def

(C:\Users\brian\AppData\Roaming\MiKTeX\2.9\tex\generic\pgf\systemlayer\pgfsys-p
dftex.def
File: pgfsys-pdftex.def 2014/10/11  (rcs-revision 1.35)

(C:\Users\brian\AppData\Roaming\MiKTeX\2.9\tex\generic\pgf\systemlayer\pgfsys-c
ommon-pdf.def
File: pgfsys-common-pdf.def 2013/10/10  (rcs-revision 1.13)
)))
(C:\Users\brian\AppData\Roaming\MiKTeX\2.9\tex\generic\pgf\systemlayer\pgfsysso
ftpath.code.tex
File: pgfsyssoftpath.code.tex 2013/09/09  (rcs-revision 1.9)
\pgfsyssoftpath@smallbuffer@items=\count96
\pgfsyssoftpath@bigbuffer@items=\count97
)
(C:\Users\brian\AppData\Roaming\MiKTeX\2.9\tex\generic\pgf\systemlayer\pgfsyspr
otocol.code.tex
File: pgfsysprotocol.code.tex 2006/10/16  (rcs-revision 1.4)
))
(C:\Users\brian\AppData\Roaming\MiKTeX\2.9\tex\latex\xcolor\xcolor.sty
Package: xcolor 2016/05/11 v2.12 LaTeX color extensions (UK)

("C:\Program Files\MiKTeX 2.9\tex\latex\00miktex\color.cfg"
File: color.cfg 2016/01/02 v1.6 sample color configuration
)
Package xcolor Info: Driver file: pdftex.def on input line 225.

(C:\Users\brian\AppData\Roaming\MiKTeX\2.9\tex\latex\colortbl\colortbl.sty
Package: colortbl 2012/02/13 v1.0a Color table columns (DPC)

("C:\Program Files\MiKTeX 2.9\tex\latex\tools\array.sty"
Package: array 2014/10/28 v2.4c Tabular extension package (FMi)
\col@sep=\dimen128
\extrarowheight=\dimen129
\NC@list=\toks24
\extratabsurround=\skip54
\backup@length=\skip55
)
\everycr=\toks25
\minrowclearance=\skip56
)
\rownum=\count98
Package xcolor Info: Model `cmy' substituted by `cmy0' on input line 1348.
Package xcolor Info: Model `hsb' substituted by `rgb' on input line 1352.
Package xcolor Info: Model `RGB' extended on input line 1364.
Package xcolor Info: Model `HTML' substituted by `rgb' on input line 1366.
Package xcolor Info: Model `Hsb' substituted by `hsb' on input line 1367.
Package xcolor Info: Model `tHsb' substituted by `hsb' on input line 1368.
Package xcolor Info: Model `HSB' substituted by `hsb' on input line 1369.
Package xcolor Info: Model `Gray' substituted by `gray' on input line 1370.
Package xcolor Info: Model `wave' substituted by `hsb' on input line 1371.
)
(C:\Users\brian\AppData\Roaming\MiKTeX\2.9\tex\generic\pgf\basiclayer\pgfcore.c
ode.tex
Package: pgfcore 2010/04/11 v3.0.1a (rcs-revision 1.7)

(C:\Users\brian\AppData\Roaming\MiKTeX\2.9\tex\generic\pgf\math\pgfmath.code.te
x
(C:\Users\brian\AppData\Roaming\MiKTeX\2.9\tex\generic\pgf\math\pgfmathcalc.cod
e.tex
(C:\Users\brian\AppData\Roaming\MiKTeX\2.9\tex\generic\pgf\math\pgfmathutil.cod
e.tex)
(C:\Users\brian\AppData\Roaming\MiKTeX\2.9\tex\generic\pgf\math\pgfmathparser.c
ode.tex
\pgfmath@dimen=\dimen130
\pgfmath@count=\count99
\pgfmath@box=\box28
\pgfmath@toks=\toks26
\pgfmath@stack@operand=\toks27
\pgfmath@stack@operation=\toks28
)
(C:\Users\brian\AppData\Roaming\MiKTeX\2.9\tex\generic\pgf\math\pgfmathfunction
s.code.tex
(C:\Users\brian\AppData\Roaming\MiKTeX\2.9\tex\generic\pgf\math\pgfmathfunction
s.basic.code.tex)
(C:\Users\brian\AppData\Roaming\MiKTeX\2.9\tex\generic\pgf\math\pgfmathfunction
s.trigonometric.code.tex)
(C:\Users\brian\AppData\Roaming\MiKTeX\2.9\tex\generic\pgf\math\pgfmathfunction
s.random.code.tex)
(C:\Users\brian\AppData\Roaming\MiKTeX\2.9\tex\generic\pgf\math\pgfmathfunction
s.comparison.code.tex)
(C:\Users\brian\AppData\Roaming\MiKTeX\2.9\tex\generic\pgf\math\pgfmathfunction
s.base.code.tex)
(C:\Users\brian\AppData\Roaming\MiKTeX\2.9\tex\generic\pgf\math\pgfmathfunction
s.round.code.tex)
(C:\Users\brian\AppData\Roaming\MiKTeX\2.9\tex\generic\pgf\math\pgfmathfunction
s.misc.code.tex)
(C:\Users\brian\AppData\Roaming\MiKTeX\2.9\tex\generic\pgf\math\pgfmathfunction
s.integerarithmetics.code.tex)))
(C:\Users\brian\AppData\Roaming\MiKTeX\2.9\tex\generic\pgf\math\pgfmathfloat.co
de.tex
\c@pgfmathroundto@lastzeros=\count100
))
(C:\Users\brian\AppData\Roaming\MiKTeX\2.9\tex\generic\pgf\basiclayer\pgfcorepo
ints.code.tex
File: pgfcorepoints.code.tex 2013/10/07  (rcs-revision 1.27)
\pgf@picminx=\dimen131
\pgf@picmaxx=\dimen132
\pgf@picminy=\dimen133
\pgf@picmaxy=\dimen134
\pgf@pathminx=\dimen135
\pgf@pathmaxx=\dimen136
\pgf@pathminy=\dimen137
\pgf@pathmaxy=\dimen138
\pgf@xx=\dimen139
\pgf@xy=\dimen140
\pgf@yx=\dimen141
\pgf@yy=\dimen142
\pgf@zx=\dimen143
\pgf@zy=\dimen144
)
(C:\Users\brian\AppData\Roaming\MiKTeX\2.9\tex\generic\pgf\basiclayer\pgfcorepa
thconstruct.code.tex
File: pgfcorepathconstruct.code.tex 2013/10/07  (rcs-revision 1.29)
\pgf@path@lastx=\dimen145
\pgf@path@lasty=\dimen146
)
(C:\Users\brian\AppData\Roaming\MiKTeX\2.9\tex\generic\pgf\basiclayer\pgfcorepa
thusage.code.tex
File: pgfcorepathusage.code.tex 2014/11/02  (rcs-revision 1.24)
\pgf@shorten@end@additional=\dimen147
\pgf@shorten@start@additional=\dimen148
)
(C:\Users\brian\AppData\Roaming\MiKTeX\2.9\tex\generic\pgf\basiclayer\pgfcoresc
opes.code.tex
File: pgfcorescopes.code.tex 2015/05/08  (rcs-revision 1.46)
\pgfpic=\box29
\pgf@hbox=\box30
\pgf@layerbox@main=\box31
\pgf@picture@serial@count=\count101
)
(C:\Users\brian\AppData\Roaming\MiKTeX\2.9\tex\generic\pgf\basiclayer\pgfcoregr
aphicstate.code.tex
File: pgfcoregraphicstate.code.tex 2014/11/02  (rcs-revision 1.12)
\pgflinewidth=\dimen149
)
(C:\Users\brian\AppData\Roaming\MiKTeX\2.9\tex\generic\pgf\basiclayer\pgfcoretr
ansformations.code.tex
File: pgfcoretransformations.code.tex 2015/08/07  (rcs-revision 1.20)
\pgf@pt@x=\dimen150
\pgf@pt@y=\dimen151
\pgf@pt@temp=\dimen152
)
(C:\Users\brian\AppData\Roaming\MiKTeX\2.9\tex\generic\pgf\basiclayer\pgfcorequ
ick.code.tex
File: pgfcorequick.code.tex 2008/10/09  (rcs-revision 1.3)
)
(C:\Users\brian\AppData\Roaming\MiKTeX\2.9\tex\generic\pgf\basiclayer\pgfcoreob
jects.code.tex
File: pgfcoreobjects.code.tex 2006/10/11  (rcs-revision 1.2)
)
(C:\Users\brian\AppData\Roaming\MiKTeX\2.9\tex\generic\pgf\basiclayer\pgfcorepa
thprocessing.code.tex
File: pgfcorepathprocessing.code.tex 2013/09/09  (rcs-revision 1.9)
)
(C:\Users\brian\AppData\Roaming\MiKTeX\2.9\tex\generic\pgf\basiclayer\pgfcorear
rows.code.tex
File: pgfcorearrows.code.tex 2015/05/14  (rcs-revision 1.43)
\pgfarrowsep=\dimen153
)
(C:\Users\brian\AppData\Roaming\MiKTeX\2.9\tex\generic\pgf\basiclayer\pgfcoresh
ade.code.tex
File: pgfcoreshade.code.tex 2013/07/15  (rcs-revision 1.15)
\pgf@max=\dimen154
\pgf@sys@shading@range@num=\count102
)
(C:\Users\brian\AppData\Roaming\MiKTeX\2.9\tex\generic\pgf\basiclayer\pgfcoreim
age.code.tex
File: pgfcoreimage.code.tex 2013/07/15  (rcs-revision 1.18)

(C:\Users\brian\AppData\Roaming\MiKTeX\2.9\tex\generic\pgf\basiclayer\pgfcoreex
ternal.code.tex
File: pgfcoreexternal.code.tex 2014/07/09  (rcs-revision 1.21)
\pgfexternal@startupbox=\box32
))
(C:\Users\brian\AppData\Roaming\MiKTeX\2.9\tex\generic\pgf\basiclayer\pgfcorela
yers.code.tex
File: pgfcorelayers.code.tex 2013/07/18  (rcs-revision 1.7)
)
(C:\Users\brian\AppData\Roaming\MiKTeX\2.9\tex\generic\pgf\basiclayer\pgfcoretr
ansparency.code.tex
File: pgfcoretransparency.code.tex 2013/09/30  (rcs-revision 1.5)
)
(C:\Users\brian\AppData\Roaming\MiKTeX\2.9\tex\generic\pgf\basiclayer\pgfcorepa
tterns.code.tex
File: pgfcorepatterns.code.tex 2013/11/07  (rcs-revision 1.5)
)))
(C:\Users\brian\AppData\Roaming\MiKTeX\2.9\tex\generic\pgf\modules\pgfmodulesha
pes.code.tex
File: pgfmoduleshapes.code.tex 2014/03/21  (rcs-revision 1.35)
\pgfnodeparttextbox=\box33
)
(C:\Users\brian\AppData\Roaming\MiKTeX\2.9\tex\generic\pgf\modules\pgfmoduleplo
t.code.tex
File: pgfmoduleplot.code.tex 2015/08/03  (rcs-revision 1.13)
)
(C:\Users\brian\AppData\Roaming\MiKTeX\2.9\tex\latex\pgf\compatibility\pgfcomp-
version-0-65.sty
Package: pgfcomp-version-0-65 2007/07/03 v3.0.1a (rcs-revision 1.7)
\pgf@nodesepstart=\dimen155
\pgf@nodesepend=\dimen156
)
(C:\Users\brian\AppData\Roaming\MiKTeX\2.9\tex\latex\pgf\compatibility\pgfcomp-
version-1-18.sty
Package: pgfcomp-version-1-18 2007/07/23 v3.0.1a (rcs-revision 1.1)
))
(C:\Users\brian\AppData\Roaming\MiKTeX\2.9\tex\latex\pgf\utilities\pgffor.sty
(C:\Users\brian\AppData\Roaming\MiKTeX\2.9\tex\latex\pgf\utilities\pgfkeys.sty
(C:\Users\brian\AppData\Roaming\MiKTeX\2.9\tex\generic\pgf\utilities\pgfkeys.co
de.tex))
(C:\Users\brian\AppData\Roaming\MiKTeX\2.9\tex\latex\pgf\math\pgfmath.sty
(C:\Users\brian\AppData\Roaming\MiKTeX\2.9\tex\generic\pgf\math\pgfmath.code.te
x))
(C:\Users\brian\AppData\Roaming\MiKTeX\2.9\tex\generic\pgf\utilities\pgffor.cod
e.tex
Package: pgffor 2013/12/13 v3.0.1a (rcs-revision 1.25)

(C:\Users\brian\AppData\Roaming\MiKTeX\2.9\tex\generic\pgf\math\pgfmath.code.te
x)
\pgffor@iter=\dimen157
\pgffor@skip=\dimen158
\pgffor@stack=\toks29
\pgffor@toks=\toks30
))
(C:\Users\brian\AppData\Roaming\MiKTeX\2.9\tex\generic\pgf\frontendlayer\tikz\t
ikz.code.tex
Package: tikz 2015/08/07 v3.0.1a (rcs-revision 1.151)

(C:\Users\brian\AppData\Roaming\MiKTeX\2.9\tex\generic\pgf\libraries\pgflibrary
plothandlers.code.tex
File: pgflibraryplothandlers.code.tex 2013/08/31 v3.0.1a (rcs-revision 1.20)
\pgf@plot@mark@count=\count103
\pgfplotmarksize=\dimen159
)
\tikz@lastx=\dimen160
\tikz@lasty=\dimen161
\tikz@lastxsaved=\dimen162
\tikz@lastysaved=\dimen163
\tikzleveldistance=\dimen164
\tikzsiblingdistance=\dimen165
\tikz@figbox=\box34
\tikz@figbox@bg=\box35
\tikz@tempbox=\box36
\tikz@tempbox@bg=\box37
\tikztreelevel=\count104
\tikznumberofchildren=\count105
\tikznumberofcurrentchild=\count106
\tikz@fig@count=\count107

(C:\Users\brian\AppData\Roaming\MiKTeX\2.9\tex\generic\pgf\modules\pgfmodulemat
rix.code.tex
File: pgfmodulematrix.code.tex 2013/09/17  (rcs-revision 1.8)
\pgfmatrixcurrentrow=\count108
\pgfmatrixcurrentcolumn=\count109
\pgf@matrix@numberofcolumns=\count110
)
\tikz@expandcount=\count111

(C:\Users\brian\AppData\Roaming\MiKTeX\2.9\tex\generic\pgf\frontendlayer\tikz\l
ibraries\tikzlibrarytopaths.code.tex
File: tikzlibrarytopaths.code.tex 2008/06/17 v3.0.1a (rcs-revision 1.2)
)))
(C:\Users\brian\AppData\Roaming\MiKTeX\2.9\tex\generic\pgfplots\pgfplots.code.t
ex
(C:\Users\brian\AppData\Roaming\MiKTeX\2.9\tex\generic\pgfplots\pgfplotscore.co
de.tex
\t@pgfplots@toka=\toks31
\t@pgfplots@tokb=\toks32
\t@pgfplots@tokc=\toks33
\pgfplots@tmpa=\dimen166
\c@pgfplots@coordindex=\count112
\c@pgfplots@scanlineindex=\count113

(C:\Users\brian\AppData\Roaming\MiKTeX\2.9\tex\generic\pgfplots\sys\pgfplotssys
generic.code.tex))
(C:\Users\brian\AppData\Roaming\MiKTeX\2.9\tex\generic\pgfplots\libs\pgfplotsli
brary.code.tex)
(C:\Users\brian\AppData\Roaming\MiKTeX\2.9\tex\generic\pgfplots\oldpgfcompatib\
pgfplotsoldpgfsupp_loader.code.tex
(C:\Users\brian\AppData\Roaming\MiKTeX\2.9\tex\generic\pgf\libraries\pgflibrary
fpu.code.tex)
Package pgfplots: loading complementary arithmetics for your pgf version...

(C:\Users\brian\AppData\Roaming\MiKTeX\2.9\tex\generic\pgfplots\oldpgfcompatib\
pgfplotsoldpgfsupp_pgflibraryfpu.code.tex)
(C:\Users\brian\AppData\Roaming\MiKTeX\2.9\tex\generic\pgfplots\oldpgfcompatib\
pgfplotsoldpgfsupp_pgfmathfloat.code.tex
\c@pgfmathroundto@lastzeros=\count114
))
(C:\Users\brian\AppData\Roaming\MiKTeX\2.9\tex\generic\pgfplots\util\pgfplotsut
il.code.tex
(C:\Users\brian\AppData\Roaming\MiKTeX\2.9\tex\generic\pgfplots\liststructure\p
gfplotsliststructure.code.tex)
(C:\Users\brian\AppData\Roaming\MiKTeX\2.9\tex\generic\pgfplots\liststructure\p
gfplotsliststructureext.code.tex)
(C:\Users\brian\AppData\Roaming\MiKTeX\2.9\tex\generic\pgfplots\liststructure\p
gfplotsarray.code.tex
\c@pgfplotsarray@tmp=\count115
)
(C:\Users\brian\AppData\Roaming\MiKTeX\2.9\tex\generic\pgfplots\liststructure\p
gfplotsmatrix.code.tex)
(C:\Users\brian\AppData\Roaming\MiKTeX\2.9\tex\generic\pgfplots\numtable\pgfplo
tstableshared.code.tex
\c@pgfplotstable@counta=\count116
\t@pgfplotstable@a=\toks34
)
(C:\Users\brian\AppData\Roaming\MiKTeX\2.9\tex\generic\pgfplots\liststructure\p
gfplotsdeque.code.tex)
(C:\Users\brian\AppData\Roaming\MiKTeX\2.9\tex\generic\pgfplots\util\pgfplotsbi
nary.code.tex
(C:\Users\brian\AppData\Roaming\MiKTeX\2.9\tex\generic\pgfplots\util\pgfplotsbi
nary.data.code.tex))
(C:\Users\brian\AppData\Roaming\MiKTeX\2.9\tex\generic\pgfplots\util\pgfplotsut
il.verb.code.tex)
(C:\Users\brian\AppData\Roaming\MiKTeX\2.9\tex\generic\pgfplots\libs\pgflibrary
pgfplots.surfshading.code.tex
\c@pgfplotslibrarysurf@no=\count117

(C:\Users\brian\AppData\Roaming\MiKTeX\2.9\tex\generic\pgfplots\sys\pgflibraryp
gfplots.surfshading.pgfsys-pdftex.def)))
(C:\Users\brian\AppData\Roaming\MiKTeX\2.9\tex\generic\pgfplots\util\pgfplotsco
lormap.code.tex
(C:\Users\brian\AppData\Roaming\MiKTeX\2.9\tex\generic\pgfplots\util\pgfplotsco
lor.code.tex))
(C:\Users\brian\AppData\Roaming\MiKTeX\2.9\tex\generic\pgfplots\pgfplotsstacked
plots.code.tex)
(C:\Users\brian\AppData\Roaming\MiKTeX\2.9\tex\generic\pgfplots\pgfplotsplothan
dlers.code.tex
(C:\Users\brian\AppData\Roaming\MiKTeX\2.9\tex\generic\pgfplots\pgfplotsmeshplo
thandler.code.tex
(C:\Users\brian\AppData\Roaming\MiKTeX\2.9\tex\generic\pgfplots\pgfplotsmeshplo
timage.code.tex)))
(C:\Users\brian\AppData\Roaming\MiKTeX\2.9\tex\generic\pgfplots\pgfplots.scalin
g.code.tex)
(C:\Users\brian\AppData\Roaming\MiKTeX\2.9\tex\generic\pgfplots\pgfplotscoordpr
ocessing.code.tex)
(C:\Users\brian\AppData\Roaming\MiKTeX\2.9\tex\generic\pgfplots\pgfplots.errorb
ars.code.tex)
(C:\Users\brian\AppData\Roaming\MiKTeX\2.9\tex\generic\pgfplots\pgfplots.marker
s.code.tex)
(C:\Users\brian\AppData\Roaming\MiKTeX\2.9\tex\generic\pgfplots\pgfplotsticks.c
ode.tex)
(C:\Users\brian\AppData\Roaming\MiKTeX\2.9\tex\generic\pgfplots\pgfplots.paths.
code.tex)
(C:\Users\brian\AppData\Roaming\MiKTeX\2.9\tex\generic\pgf\frontendlayer\tikz\l
ibraries\tikzlibrarydecorations.code.tex
(C:\Users\brian\AppData\Roaming\MiKTeX\2.9\tex\generic\pgf\modules\pgfmoduledec
orations.code.tex
\pgfdecoratedcompleteddistance=\dimen167
\pgfdecoratedremainingdistance=\dimen168
\pgfdecoratedinputsegmentcompleteddistance=\dimen169
\pgfdecoratedinputsegmentremainingdistance=\dimen170
\pgf@decorate@distancetomove=\dimen171
\pgf@decorate@repeatstate=\count118
\pgfdecorationsegmentamplitude=\dimen172
\pgfdecorationsegmentlength=\dimen173
)
\tikz@lib@dec@box=\box38
)
(C:\Users\brian\AppData\Roaming\MiKTeX\2.9\tex\generic\pgf\frontendlayer\tikz\l
ibraries\tikzlibrarydecorations.pathmorphing.code.tex
(C:\Users\brian\AppData\Roaming\MiKTeX\2.9\tex\generic\pgf\libraries\decoration
s\pgflibrarydecorations.pathmorphing.code.tex))
(C:\Users\brian\AppData\Roaming\MiKTeX\2.9\tex\generic\pgf\frontendlayer\tikz\l
ibraries\tikzlibrarydecorations.pathreplacing.code.tex
(C:\Users\brian\AppData\Roaming\MiKTeX\2.9\tex\generic\pgf\libraries\decoration
s\pgflibrarydecorations.pathreplacing.code.tex))
\pgfplots@numplots=\count119
\pgfplots@xmin@reg=\dimen174
\pgfplots@xmax@reg=\dimen175
\pgfplots@ymin@reg=\dimen176
\pgfplots@ymax@reg=\dimen177
\pgfplots@zmin@reg=\dimen178
\pgfplots@zmax@reg=\dimen179
)
(C:\Users\brian\AppData\Roaming\MiKTeX\2.9\tex\generic\pgf\frontendlayer\tikz\l
ibraries\tikzlibraryplotmarks.code.tex
File: tikzlibraryplotmarks.code.tex 2008/01/09 v3.0.1a (rcs-revision 1.1)

(C:\Users\brian\AppData\Roaming\MiKTeX\2.9\tex\generic\pgf\libraries\pgflibrary
plotmarks.code.tex
File: pgflibraryplotmarks.code.tex 2015/08/03 v3.0.1a (rcs-revision 1.14)
)))
(C:\Users\brian\AppData\Roaming\MiKTeX\2.9\tex\latex\pgfplots\pgfplotstable.sty

(C:\Users\brian\AppData\Roaming\MiKTeX\2.9\tex\generic\pgfplots\pgfplots.revisi
on.tex)
Package: pgfplotstable 2016/01/06 v1.13 Table typesetting and Pretty-printing (
1.13)

(C:\Users\brian\AppData\Roaming\MiKTeX\2.9\tex\generic\pgfplots\numtable\pgfplo
tstable.code.tex
(C:\Users\brian\AppData\Roaming\MiKTeX\2.9\tex\generic\pgfplots\numtable\pgfplo
tstable.coltype.code.tex)))
(C:\Users\brian\AppData\Roaming\MiKTeX\2.9\tex\latex\sansmath\sansmath.sty
Package: sansmath 2007/02/28  ver 1.1 Donald Arseneau
\c@mv@sans=\count120
LaTeX Font Info:    Overwriting math alphabet `\mathrm' in version `sans'
(Font)                  OT1/cmr/m/n --> OT1/cmss/m/n on input line 103.
LaTeX Font Info:    Overwriting math alphabet `\mathsfsl' in version `sans'
(Font)                  OT1/cmss/m/sl --> OT1/cmss/m/sl on input line 104.
LaTeX Font Info:    Overwriting symbol font `operators' in version `sans'
(Font)                  OT1/cmr/m/n --> OT1/cmss/m/n on input line 105.
LaTeX Font Info:    Overwriting symbol font `letters' in version `sans'
(Font)                  OML/cmm/m/it --> OML/cmm/m/it on input line 109.
LaTeX Font Info:    Overwriting symbol font `symbols' in version `sans'
(Font)                  OMS/cmsy/m/n --> OMS/cmsy/m/n on input line 110.
LaTeX Font Info:    Overwriting math alphabet `\mathsfbf' in version `sans'
(Font)                  OT1/cmss/bx/sl --> OT1/cmss/bx/n on input line 112.
\symEulerGreek=\mathgroup4
LaTeX Font Info:    Overwriting symbol font `EulerGreek' in version `sans'
(Font)                  U/eur/m/n --> U/eur/m/n on input line 136.
\@eugreekOffset=\count121
)
("C:\Program Files\MiKTeX 2.9\tex\latex\amsfonts\amssymb.sty"
Package: amssymb 2013/01/14 v3.01 AMS font symbols

("C:\Program Files\MiKTeX 2.9\tex\latex\amsfonts\amsfonts.sty"
Package: amsfonts 2013/01/14 v3.01 Basic AMSFonts support
\@emptytoks=\toks35
\symAMSa=\mathgroup5
\symAMSb=\mathgroup6
LaTeX Font Info:    Overwriting math alphabet `\mathfrak' in version `bold'
(Font)                  U/euf/m/n --> U/euf/b/n on input line 106.
))
(C:\Users\brian\AppData\Roaming\MiKTeX\2.9\tex\latex\fontawesome\fontawesome.st
y
Package: fontawesome 2016/05/15 v4.6.3.1 font awesome icons
 ("C:\Program Files\MiKTeX 2.9\tex\generic\oberdiek\ifluatex.sty"
Package: ifluatex 2016/05/16 v1.4 Provides the ifluatex switch (HO)
Package ifluatex Info: LuaTeX not detected.
)
(C:\Users\brian\AppData\Roaming\MiKTeX\2.9\tex\latex\fontawesome\fontawesomesym
bols-generic.tex)
(C:\Users\brian\AppData\Roaming\MiKTeX\2.9\tex\latex\fontawesome\fontawesomesym
bols-pdftex.tex)) ("C:\Program Files\MiKTeX 2.9\tex\latex\hyperref\hyperref.sty
"
Package: hyperref 2016/05/21 v6.83p Hypertext links for LaTeX
 ("C:\Program Files\MiKTeX 2.9\tex\generic\oberdiek\hobsub-hyperref.sty"
Package: hobsub-hyperref 2016/05/16 v1.14 Bundle oberdiek, subset hyperref (HO)


("C:\Program Files\MiKTeX 2.9\tex\generic\oberdiek\hobsub-generic.sty"
Package: hobsub-generic 2016/05/16 v1.14 Bundle oberdiek, subset generic (HO)
Package: hobsub 2016/05/16 v1.14 Construct package bundles (HO)
Package hobsub Info: Skipping package `infwarerr' (already loaded).
Package hobsub Info: Skipping package `ltxcmds' (already loaded).
Package hobsub Info: Skipping package `ifluatex' (already loaded).
Package hobsub Info: Skipping package `ifvtex' (already loaded).
Package: intcalc 2016/05/16 v1.2 Expandable calculations with integers (HO)
Package hobsub Info: Skipping package `ifpdf' (already loaded).
Package: etexcmds 2016/05/16 v1.6 Avoid name clashes with e-TeX commands (HO)
Package etexcmds Info: Could not find \expanded.
(etexcmds)             That can mean that you are not using pdfTeX 1.50 or
(etexcmds)             that some package has redefined \expanded.
(etexcmds)             In the latter case, load this package earlier.
Package: kvsetkeys 2016/05/16 v1.17 Key value parser (HO)
Package: kvdefinekeys 2016/05/16 v1.4 Define keys (HO)
Package: pdftexcmds 2016/05/21 v0.22 Utility functions of pdfTeX for LuaTeX (HO
)
Package pdftexcmds Info: LuaTeX not detected.
Package pdftexcmds Info: \pdf@primitive is available.
Package pdftexcmds Info: \pdf@ifprimitive is available.
Package pdftexcmds Info: \pdfdraftmode found.
Package: pdfescape 2016/05/16 v1.14 Implements pdfTeX's escape features (HO)
Package: bigintcalc 2016/05/16 v1.4 Expandable calculations on big integers (HO
)
Package: bitset 2016/05/16 v1.2 Handle bit-vector datatype (HO)
Package: uniquecounter 2016/05/16 v1.3 Provide unlimited unique counter (HO)
)
Package hobsub Info: Skipping package `hobsub' (already loaded).
Package: letltxmacro 2016/05/16 v1.5 Let assignment for LaTeX macros (HO)
Package: hopatch 2016/05/16 v1.3 Wrapper for package hooks (HO)
Package: xcolor-patch 2016/05/16 xcolor patch
Package: atveryend 2016/05/16 v1.9 Hooks at the very end of document (HO)
Package atveryend Info: \enddocument detected (standard20110627).
Package: atbegshi 2016/05/16 v1.17 At begin shipout hook (HO)
Package: refcount 2016/05/16 v3.5 Data extraction from label references (HO)
Package: hycolor 2016/05/16 v1.8 Color options for hyperref/bookmark (HO)
)
("C:\Program Files\MiKTeX 2.9\tex\latex\oberdiek\auxhook.sty"
Package: auxhook 2016/05/16 v1.4 Hooks for auxiliary files (HO)
)
("C:\Program Files\MiKTeX 2.9\tex\latex\oberdiek\kvoptions.sty"
Package: kvoptions 2016/05/16 v3.12 Key value format for package options (HO)
)
\@linkdim=\dimen180
\Hy@linkcounter=\count122
\Hy@pagecounter=\count123

("C:\Program Files\MiKTeX 2.9\tex\latex\hyperref\pd1enc.def"
File: pd1enc.def 2016/05/21 v6.83p Hyperref: PDFDocEncoding definition (HO)
)
\Hy@SavedSpaceFactor=\count124

("C:\Program Files\MiKTeX 2.9\tex\latex\00miktex\hyperref.cfg"
File: hyperref.cfg 2002/06/06 v1.2 hyperref configuration of TeXLive
)
Package hyperref Info: Option `colorlinks' set `true' on input line 4362.
Package hyperref Info: Hyper figures OFF on input line 4486.
Package hyperref Info: Link nesting OFF on input line 4491.
Package hyperref Info: Hyper index ON on input line 4494.
Package hyperref Info: Plain pages OFF on input line 4501.
Package hyperref Info: Backreferencing OFF on input line 4506.
Package hyperref Info: Implicit mode ON; LaTeX internals redefined.
Package hyperref Info: Bookmarks ON on input line 4735.
\c@Hy@tempcnt=\count125

(C:\Users\brian\AppData\Roaming\MiKTeX\2.9\tex\latex\url\url.sty
\Urlmuskip=\muskip10
Package: url 2013/09/16  ver 3.4  Verb mode for urls, etc.
)
LaTeX Info: Redefining \url on input line 5088.
\XeTeXLinkMargin=\dimen181
\Fld@menulength=\count126
\Field@Width=\dimen182
\Fld@charsize=\dimen183
Package hyperref Info: Hyper figures OFF on input line 6342.
Package hyperref Info: Link nesting OFF on input line 6347.
Package hyperref Info: Hyper index ON on input line 6350.
Package hyperref Info: backreferencing OFF on input line 6357.
Package hyperref Info: Link coloring ON on input line 6360.
Package hyperref Info: Link coloring with OCG OFF on input line 6367.
Package hyperref Info: PDF/A mode OFF on input line 6372.
LaTeX Info: Redefining \ref on input line 6412.
LaTeX Info: Redefining \pageref on input line 6416.
\Hy@abspage=\count127
\c@Item=\count128
\c@Hfootnote=\count129
)

Package hyperref Message: Driver (autodetected): hpdftex.

("C:\Program Files\MiKTeX 2.9\tex\latex\hyperref\hpdftex.def"
File: hpdftex.def 2016/05/21 v6.83p Hyperref driver for pdfTeX
\Fld@listcount=\count130
\c@bookmark@seq@number=\count131

("C:\Program Files\MiKTeX 2.9\tex\latex\oberdiek\rerunfilecheck.sty"
Package: rerunfilecheck 2016/05/16 v1.8 Rerun checks for auxiliary files (HO)
Package uniquecounter Info: New unique counter `rerunfilecheck' on input line 2
82.
)
\Hy@SectionHShift=\skip57
)
(C:\Users\brian\AppData\Roaming\MiKTeX\2.9\tex\latex\csvsimple\csvsimple.sty
Package: csvsimple 2014/07/14 version 1.12 LaTeX CSV file processing

("C:\Program Files\MiKTeX 2.9\tex\latex\base\ifthen.sty"
Package: ifthen 2014/09/29 v1.1c Standard LaTeX ifthen package (DPC)
)
\csv@file=\read2
\c@csvinputline=\count132
\c@csvrow=\count133
\c@csvcol=\count134
\csv@out=\write4
)
(C:\Users\brian\AppData\Roaming\MiKTeX\2.9\tex\generic\pgfplots\libs\tikzlibrar
ypgfplots.dateplot.code.tex
(C:\Users\brian\AppData\Roaming\MiKTeX\2.9\tex\latex\pgf\utilities\pgfcalendar.
sty
(C:\Users\brian\AppData\Roaming\MiKTeX\2.9\tex\generic\pgf\utilities\pgfcalenda
r.code.tex
File: pgfcalendar.code.tex 2007/07/23 v3.0.1a (rcs-revision 1.11)
\pgfcalendarcurrentjulian=\count135
)))
(C:\Users\brian\AppData\Roaming\MiKTeX\2.9\tex\generic\pgf\frontendlayer\tikz\l
ibraries\tikzlibrarypatterns.code.tex
File: tikzlibrarypatterns.code.tex 2008/01/15 v3.0.1a (rcs-revision 1.2)

(C:\Users\brian\AppData\Roaming\MiKTeX\2.9\tex\generic\pgf\libraries\pgflibrary
patterns.code.tex
File: pgflibrarypatterns.code.tex 2008/03/03 v3.0.1a (rcs-revision 1.13)
))
(C:\Users\brian\AppData\Roaming\MiKTeX\2.9\tex\generic\pgfplots\libs\tikzlibrar
ypgfplots.fillbetween.code.tex
(C:\Users\brian\AppData\Roaming\MiKTeX\2.9\tex\generic\pgfplots\pgfcontrib\tikz
libraryfillbetween.code.tex
(C:\Users\brian\AppData\Roaming\MiKTeX\2.9\tex\generic\pgf\frontendlayer\tikz\l
ibraries\tikzlibraryintersections.code.tex
(C:\Users\brian\AppData\Roaming\MiKTeX\2.9\tex\generic\pgf\libraries\pgflibrary
intersections.code.tex
\pgf@intersect@solutions=\count136
))
(C:\Users\brian\AppData\Roaming\MiKTeX\2.9\tex\generic\pgfplots\pgfcontrib\tikz
librarydecorations.softclip.code.tex
(C:\Users\brian\AppData\Roaming\MiKTeX\2.9\tex\generic\pgfplots\pgfcontrib\pgfl
ibraryfillbetween.code.tex)))
(C:\Users\brian\AppData\Roaming\MiKTeX\2.9\tex\generic\pgfplots\libs\tikzlibrar
ypgfplots.decorations.softclip.code.tex))
PGFPlots: reading {data/cpi_comp.csv}
PGFPlots: reading {data/eps.csv}
 (ExecDash.aux)
\openout1 = `ExecDash.aux'.

LaTeX Font Info:    Checking defaults for OML/cmm/m/it on input line 78.
LaTeX Font Info:    ... okay on input line 78.
LaTeX Font Info:    Checking defaults for T1/cmr/m/n on input line 78.
LaTeX Font Info:    ... okay on input line 78.
LaTeX Font Info:    Checking defaults for OT1/cmr/m/n on input line 78.
LaTeX Font Info:    ... okay on input line 78.
LaTeX Font Info:    Checking defaults for OMS/cmsy/m/n on input line 78.
LaTeX Font Info:    ... okay on input line 78.
LaTeX Font Info:    Checking defaults for OMX/cmex/m/n on input line 78.
LaTeX Font Info:    ... okay on input line 78.
LaTeX Font Info:    Checking defaults for U/cmr/m/n on input line 78.
LaTeX Font Info:    ... okay on input line 78.
LaTeX Font Info:    Checking defaults for PD1/pdf/m/n on input line 78.
LaTeX Font Info:    ... okay on input line 78.
LaTeX Font Info:    Try loading font information for OT1+qhv on input line 78.

(C:\Users\brian\AppData\Roaming\MiKTeX\2.9\tex\latex\tex-gyre\ot1qhv.fd
File: ot1qhv.fd 2009/09/25 v1.2 font definition file for OT1/qhv
)
*geometry* driver: auto-detecting
*geometry* detected driver: pdftex
*geometry* verbose mode - [ preamble ] result:
* driver: pdftex
* paper: <default>
* layout: <same size as paper>
* layoutoffset:(h,v)=(0.0pt,0.0pt)
* modes: 
* h-part:(L,W,R)=(39.74872pt, 516.73007pt, 57.81621pt)
* v-part:(T,H,B)=(50.58878pt, 679.33865pt, 65.04256pt)
* \paperwidth=614.295pt
* \paperheight=794.96999pt
* \textwidth=516.73007pt
* \textheight=679.33865pt
* \oddsidemargin=-32.52127pt
* \evensidemargin=-32.52127pt
* \topmargin=-44.52127pt
* \headheight=12.0pt
* \headsep=10.84006pt
* \topskip=10.0pt
* \footskip=30.0pt
* \marginparwidth=65.0pt
* \marginparsep=11.0pt
* \columnsep=10.0pt
* \skip\footins=9.0pt plus 4.0pt minus 2.0pt
* \hoffset=0.0pt
* \voffset=0.0pt
* \mag=1000
* \@twocolumnfalse
* \@twosidefalse
* \@mparswitchfalse
* \@reversemarginfalse
* (1in=72.27pt=25.4mm, 1cm=28.453pt)

ABD: EveryShipout initializing macros
(C:\Users\brian\AppData\Roaming\MiKTeX\2.9\tex\context\base\supp-pdf.mkii
[Loading MPS to PDF converter (version 2006.09.02).]
\scratchcounter=\count137
\scratchdimen=\dimen184
\scratchbox=\box39
\nofMPsegments=\count138
\nofMParguments=\count139
\everyMPshowfont=\toks36
\MPscratchCnt=\count140
\MPscratchDim=\dimen185
\MPnumerator=\count141
\makeMPintoPDFobject=\count142
\everyMPtoPDFconversion=\toks37
) ("C:\Program Files\MiKTeX 2.9\tex\latex\oberdiek\epstopdf-base.sty"
Package: epstopdf-base 2016/05/15 v2.6 Base part for package epstopdf

("C:\Program Files\MiKTeX 2.9\tex\latex\oberdiek\grfext.sty"
Package: grfext 2016/05/16 v1.2 Manage graphics extensions (HO)
)
Package grfext Info: Graphics extension search list:
(grfext)             [.png,.pdf,.jpg,.mps,.jpeg,.jbig2,.jb2,.PNG,.PDF,.JPG,.JPE
G,.JBIG2,.JB2,.eps]
(grfext)             \AppendGraphicsExtensions on input line 456.
)
Package pgfplots notification 'compat/show suggested version=true': document ha
s been generated with the most recent feature set (\pgfplotsset{compat=1.13}).

\AtBeginShipoutBox=\box40
Package hyperref Info: Link coloring ON on input line 78.
("C:\Program Files\MiKTeX 2.9\tex\latex\hyperref\nameref.sty"
Package: nameref 2016/05/21 v2.44 Cross-referencing by name of section

("C:\Program Files\MiKTeX 2.9\tex\generic\oberdiek\gettitlestring.sty"
Package: gettitlestring 2016/05/16 v1.5 Cleanup title references (HO)
)
\c@section@level=\count143
)
LaTeX Info: Redefining \ref on input line 78.
LaTeX Info: Redefining \pageref on input line 78.
LaTeX Info: Redefining \nameref on input line 78.

(ExecDash.out) (ExecDash.out)
\@outlinefile=\write5
\openout5 = `ExecDash.out'.

LaTeX Font Info:    Font shape `OT1/qhv/bx/n' in size <12> not available
(Font)              Font shape `OT1/qhv/b/n' tried instead on input line 82.
LaTeX Font Info:    Try loading font information for U+eur on input line 85.

("C:\Program Files\MiKTeX 2.9\tex\latex\amsfonts\ueur.fd"
File: ueur.fd 2013/01/14 v3.01 Euler Roman
)
LaTeX Font Info:    Try loading font information for U+msa on input line 85.

("C:\Program Files\MiKTeX 2.9\tex\latex\amsfonts\umsa.fd"
File: umsa.fd 2013/01/14 v3.01 AMS symbols A
)
LaTeX Font Info:    Try loading font information for U+msb on input line 85.

("C:\Program Files\MiKTeX 2.9\tex\latex\amsfonts\umsb.fd"
File: umsb.fd 2013/01/14 v3.01 AMS symbols B
)
Package pgfplots info on input line 94: Using 'lua backend=false' for axis: x c
oord trafo unsupported.
PGFPlots: reading {data/gdp_comp.csv}
PGFPlots: reading {data/gdp_comp.csv}
PGFPlots: reading {data/gdp_comp.csv}
PGFPlots: reading {data/gdp_comp.csv}
PGFPlots: reading {data/gdp_comp.csv}
Missing character: There is no ; in font nullfont!
Missing character: There is no p in font nullfont!
Missing character: There is no t in font nullfont!
 (data/gdp_comp.txt)
Package pgfplots info on input line 120: dateplot: setting 'date ZERO={2006-01-
01}' for this axis.
Package pgfplots info on input line 120: Using 'lua backend=false' for axis: x 
coord trafo unsupported.
PGFPlots: reading {data/unemp.csv}
Package pgfplots info on input line 125: dateplot: setting 'date ZERO={2006-01-
01}' for this axis.
PGFPlots: reading {data/unemp.csv}
Package pgfplots info on input line 130: fill between: found 'clip=true'. Prepa
ring pgfplotsextra instruction with clip path for layer 'pre main'...
PGFPlots: reading {data/unemp.csv}
Package pgfplots info on input line 133: fill between: activating layered graph
ics
\pgf@layerbox@axis background=\box41
\pgf@layerboxsaved@axis background=\box42
\pgf@layerbox@axis grid=\box43
\pgf@layerboxsaved@axis grid=\box44
\pgf@layerbox@axis ticks=\box45
\pgf@layerboxsaved@axis ticks=\box46
\pgf@layerbox@axis lines=\box47
\pgf@layerboxsaved@axis lines=\box48
\pgf@layerbox@axis tick labels=\box49
\pgf@layerboxsaved@axis tick labels=\box50
\pgf@layerbox@pre main=\box51
\pgf@layerboxsaved@pre main=\box52
\pgf@layerbox@axis descriptions=\box53
\pgf@layerboxsaved@axis descriptions=\box54
\pgf@layerbox@axis foreground=\box55
\pgf@layerboxsaved@axis foreground=\box56
Package pgfplots info on input line 133: Setting layers 'axis background,axis g
rid,axis ticks,axis lines,axis tick labels,pre main,main,axis descriptions,axis
 foreground'...
Missing character: There is no p in font nullfont!
Missing character: There is no t in font nullfont!

(data/unemp.txt)
Package pgfplots info on input line 151: Using 'lua backend=false' for axis: x 
coord trafo unsupported.
PGFPlots: reading {data/cpi.csv}
Package pgfplots info on input line 157: dateplot: setting 'date ZERO={2006-01-
01}' for this axis.
PGFPlots: reading {data/cpi.csv}
Missing character: There is no p in font nullfont!
Missing character: There is no t in font nullfont!
 (data/breakeven.txt) (data/cpi.txt)
Missing character: There is no p in font nullfont!
Missing character: There is no t in font nullfont!

Underfull \hbox (badness 7869) in paragraph at lines 183--183
 [][][][]\OT1/qhv/m/n/8 Energy
 []


Underfull \hbox (badness 6559) in paragraph at lines 183--183
 [][][][]\OT1/qhv/m/n/8 Housing
 []


Underfull \hbox (badness 4132) in paragraph at lines 183--183
 [][][][]\OT1/qhv/m/n/8 Healthcare
 []


Underfull \hbox (badness 1917) in paragraph at lines 183--183
 [][][][]\OT1/qhv/m/n/8 Transportation
 []


Underfull \hbox (badness 4132) in paragraph at lines 183--183
 [][][][]\OT1/qhv/m/n/8 Recreation
 []


Underfull \hbox (badness 7133) in paragraph at lines 183--183
 [][][][]\OT1/qhv/m/n/8 Apparel
 []

(data/cpi_mo2.txt) (data/cpi_mo1.txt)
Missing character: There is no p in font nullfont!
Missing character: There is no t in font nullfont!

Underfull \hbox (badness 2698) in paragraph at lines 237--237
 [][][][]\OT1/qhv/m/n/8 Health Care
 []


Underfull \hbox (badness 4060) in paragraph at lines 237--237
 [][][][]\OT1/qhv/m/n/8 Financials
 []


Underfull \hbox (badness 3977) in paragraph at lines 237--237
 [][][][]\OT1/qhv/m/n/8 Industrials
 []


Underfull \hbox (badness 6927) in paragraph at lines 237--237
 [][][][]\OT1/qhv/m/n/8 Energy
 []


Underfull \hbox (badness 4940) in paragraph at lines 237--237
 [][][][]\OT1/qhv/m/n/8 Materials
 []


Underfull \hbox (badness 6775) in paragraph at lines 237--237
 [][][][]\OT1/qhv/m/n/8 Utilities
 []


Underfull \hbox (badness 2951) in paragraph at lines 237--237
 [][][][]\OT1/qhv/m/n/8 Real Es-tate
 []

(data/eps.txt) (data/table1.txt)
Overfull \hbox (14.83133pt too wide) in paragraph at lines 194--262
[]  $[]$ 
 []

LaTeX Font Info:    Font shape `OT1/qhv/bx/n' in size <17.28> not available
(Font)              Font shape `OT1/qhv/b/n' tried instead on input line 262.
LaTeX Font Info:    Font shape `OT1/qhv/bx/n' in size <8> not available
(Font)              Font shape `OT1/qhv/b/n' tried instead on input line 262.
LaTeX Font Info:    Font shape `OT1/qhv/bx/n' in size <9> not available
(Font)              Font shape `OT1/qhv/b/n' tried instead on input line 262.
LaTeX Font Info:    Try loading font information for U+fontawesometwo on input 
line 262.

(C:\Users\brian\AppData\Roaming\MiKTeX\2.9\tex\latex\fontawesome\ufontawesometw
o.fd
File: ufontawesometwo.fd 2016/05/22 Font definitions for U/fontawesometwo.
)
LaTeX Font Info:    Try loading font information for U+fontawesomethree on inpu
t line 262.

(C:\Users\brian\AppData\Roaming\MiKTeX\2.9\tex\latex\fontawesome\ufontawesometh
ree.fd
File: ufontawesomethree.fd 2016/05/22 Font definitions for U/fontawesomethree.
) [1{C:/Users/brian/AppData/Local/MiKTeX/2.9/pdftex/config/pdftex.map}

]
Package atveryend Info: Empty hook `BeforeClearDocument' on input line 262.
Package atveryend Info: Empty hook `AfterLastShipout' on input line 262.

(ExecDash.aux)
Package atveryend Info: Executing hook `AtVeryEndDocument' on input line 262.
Package atveryend Info: Executing hook `AtEndAfterFileList' on input line 262.
Package rerunfilecheck Info: File `ExecDash.out' has not changed.
(rerunfilecheck)             Checksum: DE60ED1F8E2D66F4576B85F070F3A43A;209.
Package atveryend Info: Empty hook `AtVeryVeryEnd' on input line 262.
 ) 
Here is how much of TeX's memory you used:
 29702 strings out of 493335
 717662 string characters out of 3139260
 1030585 words of memory out of 3000000
 32699 multiletter control sequences out of 15000+200000
 45622 words of font info for 70 fonts, out of 3000000 for 9000
 1141 hyphenation exceptions out of 8191
 69i,18n,107p,2278b,2264s stack positions out of 5000i,500n,10000p,200000b,50000s
{C:/Users/brian/AppData/Roaming/MiKTeX/2.9/fonts/enc/dvips/fontawesome/fontaw
esomethree.enc}{C:/Users/brian/AppData/Roaming/MiKTeX/2.9/fonts/enc/dvips/fonta
wesome/fontawesometwo.enc}{C:/Users/brian/AppData/Roaming/MiKTeX/2.9/fonts/enc/
dvips/tex-gyre/q-rm.enc}<C:/Users/brian/AppData/Roaming/MiKTeX/2.9/fonts/type1/
public/fontawesome/FontAwesome.pfb><C:/Program Files/MiKTeX 2.9/fonts/type1/pub
lic/amsfonts/cm/cmss8.pfb><C:/Program Files/MiKTeX 2.9/fonts/type1/public/amsfo
nts/cm/cmsy7.pfb><C:/Program Files/MiKTeX 2.9/fonts/type1/public/amsfonts/cm/cm
sy8.pfb><C:/Program Files/MiKTeX 2.9/fonts/type1/public/amsfonts/cm/cmsy9.pfb><
C:/Program Files/MiKTeX 2.9/fonts/type1/public/amsfonts/symbols/msam10.pfb><C:/
Program Files/MiKTeX 2.9/fonts/type1/public/amsfonts/symbols/msam7.pfb><C:/User
s/brian/AppData/Roaming/MiKTeX/2.9/fonts/type1/public/tex-gyre/qhvb.pfb><C:/Use
rs/brian/AppData/Roaming/MiKTeX/2.9/fonts/type1/public/tex-gyre/qhvr.pfb>
Output written on ExecDash.pdf (1 page, 141879 bytes).
PDF statistics:
 89 PDF objects out of 1000 (max. 8388607)
 5 named destinations out of 1000 (max. 500000)
 37 words of extra memory for PDF output out of 10000 (max. 10000000)

